root INFO: Loading config overrride file '/home/wmwv/local/lsst/obs_cfht/config/processCcd.py'
CameraMapper INFO: Loading exposure registry from /project/wmwv/validation_data_cfht/data/registry.sqlite3
root INFO: Running: /software/lsstsw/stack3_20171023/stack/miniconda3-4.3.21-10a4fa6/Linux64/pipe_tasks/16.0-14-g9428de4d+4/bin/processCcd.py data --output data @/project/wmwv/validation_data_cfht/Cfht.list -j 4
CameraMapper INFO: Loading exposure registry from /project/wmwv/validation_data_cfht/data/registry.sqlite3
CameraMapper INFO: Loading exposure registry from /project/wmwv/validation_data_cfht/data/registry.sqlite3
CameraMapper INFO: Loading exposure registry from /project/wmwv/validation_data_cfht/data/registry.sqlite3
CameraMapper INFO: Loading exposure registry from /project/wmwv/validation_data_cfht/data/registry.sqlite3
processCcd INFO: Processing {'visit': 849375, 'ccd': 12, 'runId': '06AL01', 'object': 'D3', 'date': '2006-05-20', 'filter': 'r', 'state': 'p', 'extension': 13, 'taiObs': '2006-05-20T12:04:45.73', 'expTime': 300.202}
processCcd INFO: Processing {'visit': 849375, 'ccd': 21, 'runId': '06AL01', 'object': 'D3', 'date': '2006-05-20', 'filter': 'r', 'state': 'p', 'extension': 22, 'taiObs': '2006-05-20T12:04:45.73', 'expTime': 300.202}
processCcd.isr INFO: Performing ISR on sensor {'visit': 849375, 'ccd': 12, 'runId': '06AL01', 'object': 'D3', 'date': '2006-05-20', 'filter': 'r', 'state': 'p', 'extension': 13, 'taiObs': '2006-05-20T12:04:45.73', 'expTime': 300.202}
processCcd.isr INFO: Performing ISR on sensor {'visit': 849375, 'ccd': 21, 'runId': '06AL01', 'object': 'D3', 'date': '2006-05-20', 'filter': 'r', 'state': 'p', 'extension': 22, 'taiObs': '2006-05-20T12:04:45.73', 'expTime': 300.202}
processCcd INFO: Processing {'visit': 849375, 'ccd': 13, 'runId': '06AL01', 'object': 'D3', 'date': '2006-05-20', 'filter': 'r', 'state': 'p', 'extension': 14, 'taiObs': '2006-05-20T12:04:45.73', 'expTime': 300.202}
processCcd.isr INFO: Performing ISR on sensor {'visit': 849375, 'ccd': 13, 'runId': '06AL01', 'object': 'D3', 'date': '2006-05-20', 'filter': 'r', 'state': 'p', 'extension': 14, 'taiObs': '2006-05-20T12:04:45.73', 'expTime': 300.202}
processCcd INFO: Processing {'visit': 849375, 'ccd': 14, 'runId': '06AL01', 'object': 'D3', 'date': '2006-05-20', 'filter': 'r', 'state': 'p', 'extension': 15, 'taiObs': '2006-05-20T12:04:45.73', 'expTime': 300.202}
processCcd.isr INFO: Performing ISR on sensor {'visit': 849375, 'ccd': 14, 'runId': '06AL01', 'object': 'D3', 'date': '2006-05-20', 'filter': 'r', 'state': 'p', 'extension': 15, 'taiObs': '2006-05-20T12:04:45.73', 'expTime': 300.202}
processCcd.isr INFO: Saturation set to 68892
processCcd.isr INFO: Saturation set to 61301
processCcd.isr INFO: Saturation set to 63961
processCcd.isr INFO: Saturation set to 65194
processCcd.isr INFO: Adding a distortion model to the WCS
processCcd.charImage INFO: Processing {'visit': 849375, 'ccd': 12, 'runId': '06AL01', 'object': 'D3', 'date': '2006-05-20', 'filter': 'r', 'state': 'p', 'extension': 13, 'taiObs': '2006-05-20T12:04:45.73', 'expTime': 300.202}
processCcd.isr INFO: Adding a distortion model to the WCS
processCcd.charImage INFO: Processing {'visit': 849375, 'ccd': 21, 'runId': '06AL01', 'object': 'D3', 'date': '2006-05-20', 'filter': 'r', 'state': 'p', 'extension': 22, 'taiObs': '2006-05-20T12:04:45.73', 'expTime': 300.202}
processCcd.isr INFO: Adding a distortion model to the WCS
processCcd.charImage INFO: Processing {'visit': 849375, 'ccd': 13, 'runId': '06AL01', 'object': 'D3', 'date': '2006-05-20', 'filter': 'r', 'state': 'p', 'extension': 14, 'taiObs': '2006-05-20T12:04:45.73', 'expTime': 300.202}
processCcd.isr INFO: Adding a distortion model to the WCS
processCcd.charImage INFO: Processing {'visit': 849375, 'ccd': 14, 'runId': '06AL01', 'object': 'D3', 'date': '2006-05-20', 'filter': 'r', 'state': 'p', 'extension': 15, 'taiObs': '2006-05-20T12:04:45.73', 'expTime': 300.202}
processCcd.charImage WARN: Source catalog detected and measured with placeholder or default PSF
processCcd.charImage WARN: Source catalog detected and measured with placeholder or default PSF
processCcd.charImage WARN: Source catalog detected and measured with placeholder or default PSF
processCcd.charImage WARN: Source catalog detected and measured with placeholder or default PSF
processCcd.charImage.repair INFO: Identified 939 cosmic rays.
processCcd.charImage.repair INFO: Identified 1007 cosmic rays.
processCcd.charImage.repair INFO: Identified 969 cosmic rays.
processCcd.charImage.repair INFO: Identified 973 cosmic rays.
processCcd.charImage.detection INFO: Detected 446 positive peaks in 186 footprints and 0 negative peaks in 0 footprints to 50 sigma
processCcd.charImage.detection INFO: Detected 411 positive peaks in 190 footprints and 0 negative peaks in 0 footprints to 50 sigma
processCcd.charImage.detection INFO: Detected 436 positive peaks in 221 footprints and 0 negative peaks in 0 footprints to 50 sigma
processCcd.charImage.detection INFO: Resubtracting the background after object detection
processCcd.charImage.detection INFO: Detected 450 positive peaks in 197 footprints and 0 negative peaks in 0 footprints to 50 sigma
processCcd.charImage.detection INFO: Resubtracting the background after object detection
processCcd.charImage.detection INFO: Resubtracting the background after object detection
processCcd.charImage.detection INFO: Resubtracting the background after object detection
processCcd.charImage.measurement INFO: Measuring 190 sources (190 parents, 0 children) 
processCcd.charImage.measurement INFO: Measuring 186 sources (186 parents, 0 children) 
processCcd.charImage.measurement INFO: Measuring 221 sources (221 parents, 0 children) 
processCcd.charImage.measurePsf INFO: Measuring PSF
processCcd.charImage.measurePsf INFO: Measuring PSF
processCcd.charImage.measurePsf.reserve INFO: Reserved 0/62 sources
processCcd.charImage.measurePsf INFO: PSF star selector found 62 candidates
processCcd.charImage.measurement INFO: Measuring 197 sources (197 parents, 0 children) 
processCcd.charImage.measurePsf.reserve INFO: Reserved 0/53 sources
processCcd.charImage.measurePsf INFO: PSF star selector found 53 candidates
processCcd.charImage.measurePsf INFO: Measuring PSF
processCcd.charImage.measurePsf.reserve INFO: Reserved 0/68 sources
processCcd.charImage.measurePsf INFO: PSF star selector found 68 candidates
processCcd.charImage.measurePsf INFO: Measuring PSF
processCcd.charImage.measurePsf.reserve INFO: Reserved 0/62 sources
processCcd.charImage.measurePsf INFO: PSF star selector found 62 candidates
processCcd.charImage.measurePsf INFO: PSF determination using 25/53 stars.
processCcd.charImage.measurePsf INFO: PSF determination using 34/62 stars.
processCcd.charImage INFO: iter 1; PSF sigma=2.45, dimensions=(33, 33); median background=1219.99
processCcd.charImage WARN: Source catalog detected and measured with placeholder or default PSF
processCcd.charImage.measurePsf INFO: PSF determination using 34/68 stars.
processCcd.charImage INFO: iter 1; PSF sigma=2.43, dimensions=(33, 33); median background=1229.27
processCcd.charImage WARN: Source catalog detected and measured with placeholder or default PSF
processCcd.charImage.measurePsf INFO: PSF determination using 36/62 stars.
processCcd.charImage INFO: iter 1; PSF sigma=2.47, dimensions=(33, 33); median background=1234.15
processCcd.charImage WARN: Source catalog detected and measured with placeholder or default PSF
processCcd.charImage.repair INFO: Identified 951 cosmic rays.
processCcd.charImage.repair INFO: Identified 1011 cosmic rays.
processCcd.charImage INFO: iter 1; PSF sigma=2.48, dimensions=(33, 33); median background=1230.08
processCcd.charImage WARN: Source catalog detected and measured with placeholder or default PSF
processCcd.charImage.repair INFO: Identified 985 cosmic rays.
processCcd.charImage.repair INFO: Identified 980 cosmic rays.
processCcd.charImage.detection INFO: Detected 245 positive peaks in 157 footprints and 0 negative peaks in 0 footprints to 50 sigma
processCcd.charImage.detection INFO: Detected 296 positive peaks in 183 footprints and 0 negative peaks in 0 footprints to 50 sigma
processCcd.charImage.detection INFO: Resubtracting the background after object detection
processCcd.charImage.detection INFO: Detected 284 positive peaks in 160 footprints and 0 negative peaks in 0 footprints to 50 sigma
processCcd.charImage.detection INFO: Detected 288 positive peaks in 157 footprints and 0 negative peaks in 0 footprints to 50 sigma
processCcd.charImage.detection INFO: Resubtracting the background after object detection
processCcd.charImage.detection INFO: Resubtracting the background after object detection
processCcd.charImage.detection INFO: Resubtracting the background after object detection
processCcd.charImage.measurement INFO: Measuring 157 sources (157 parents, 0 children) 
processCcd.charImage.measurePsf INFO: Measuring PSF
processCcd.charImage.measurePsf.reserve INFO: Reserved 0/62 sources
processCcd.charImage.measurePsf INFO: PSF star selector found 62 candidates
processCcd.charImage.measurement INFO: Measuring 183 sources (183 parents, 0 children) 
processCcd.charImage.measurement INFO: Measuring 157 sources (157 parents, 0 children) 
processCcd.charImage.measurePsf INFO: Measuring PSF
processCcd.charImage.measurement INFO: Measuring 160 sources (160 parents, 0 children) 
processCcd.charImage.measurePsf.reserve INFO: Reserved 0/66 sources
processCcd.charImage.measurePsf INFO: PSF star selector found 66 candidates
processCcd.charImage.measurePsf INFO: Measuring PSF
processCcd.charImage.measurePsf INFO: Measuring PSF
processCcd.charImage.measurePsf.reserve INFO: Reserved 0/62 sources
processCcd.charImage.measurePsf INFO: PSF star selector found 62 candidates
processCcd.charImage.measurePsf.reserve INFO: Reserved 0/53 sources
processCcd.charImage.measurePsf INFO: PSF star selector found 53 candidates
processCcd.charImage.measurePsf INFO: PSF determination using 31/62 stars.
processCcd.charImage INFO: iter 2; PSF sigma=2.43, dimensions=(33, 33); median background=1229.21
processCcd.charImage.measurePsf INFO: PSF determination using 35/66 stars.
processCcd.charImage.measurePsf INFO: PSF determination using 35/62 stars.
processCcd.charImage.measurePsf INFO: PSF determination using 25/53 stars.
processCcd.charImage.repair INFO: Identified 1011 cosmic rays.
processCcd.charImage INFO: iter 2; PSF sigma=2.47, dimensions=(33, 33); median background=1234.08
processCcd.charImage INFO: iter 2; PSF sigma=2.48, dimensions=(33, 33); median background=1229.96
processCcd.charImage INFO: iter 2; PSF sigma=2.44, dimensions=(33, 33); median background=1219.94
processCcd.charImage.measurement INFO: Measuring 157 sources (157 parents, 0 children) 
processCcd.charImage.repair INFO: Identified 984 cosmic rays.
processCcd.charImage.repair INFO: Identified 980 cosmic rays.
processCcd.charImage.measureApCorr INFO: Measuring aperture corrections for 2 flux fields
processCcd.charImage.measureApCorr INFO: Aperture correction for base_PsfFlux: RMS 0.014510 from 31
processCcd.charImage.measureApCorr INFO: Aperture correction for base_GaussianFlux: RMS 0.008535 from 30
processCcd.charImage.applyApCorr INFO: Applying aperture corrections to 2 flux fields
processCcd.charImage.repair INFO: Identified 951 cosmic rays.
processCcd.calibrate INFO: Processing {'visit': 849375, 'ccd': 21, 'runId': '06AL01', 'object': 'D3', 'date': '2006-05-20', 'filter': 'r', 'state': 'p', 'extension': 22, 'taiObs': '2006-05-20T12:04:45.73', 'expTime': 300.202}
processCcd.charImage.measurement INFO: Measuring 183 sources (183 parents, 0 children) 
processCcd.charImage.measurement INFO: Measuring 157 sources (157 parents, 0 children) 
processCcd.charImage.measurement INFO: Measuring 160 sources (160 parents, 0 children) 
processCcd.charImage.measureApCorr INFO: Measuring aperture corrections for 2 flux fields
processCcd.charImage.measureApCorr INFO: Aperture correction for base_PsfFlux: RMS 0.020336 from 35
processCcd.charImage.measureApCorr INFO: Aperture correction for base_GaussianFlux: RMS 0.014009 from 35
processCcd.charImage.applyApCorr INFO: Applying aperture corrections to 2 flux fields
processCcd.calibrate INFO: Processing {'visit': 849375, 'ccd': 13, 'runId': '06AL01', 'object': 'D3', 'date': '2006-05-20', 'filter': 'r', 'state': 'p', 'extension': 14, 'taiObs': '2006-05-20T12:04:45.73', 'expTime': 300.202}
processCcd.charImage.measureApCorr INFO: Measuring aperture corrections for 2 flux fields
processCcd.charImage.measureApCorr INFO: Aperture correction for base_PsfFlux: RMS 0.015709 from 35
processCcd.charImage.measureApCorr INFO: Aperture correction for base_GaussianFlux: RMS 0.014792 from 35
processCcd.charImage.applyApCorr INFO: Applying aperture corrections to 2 flux fields
processCcd.calibrate INFO: Processing {'visit': 849375, 'ccd': 14, 'runId': '06AL01', 'object': 'D3', 'date': '2006-05-20', 'filter': 'r', 'state': 'p', 'extension': 15, 'taiObs': '2006-05-20T12:04:45.73', 'expTime': 300.202}
processCcd.charImage.measureApCorr INFO: Measuring aperture corrections for 2 flux fields
processCcd.charImage.measureApCorr INFO: Aperture correction for base_PsfFlux: RMS 0.015424 from 24
processCcd.charImage.measureApCorr INFO: Aperture correction for base_GaussianFlux: RMS 0.016599 from 25
processCcd.charImage.applyApCorr INFO: Applying aperture corrections to 2 flux fields
processCcd.calibrate INFO: Processing {'visit': 849375, 'ccd': 12, 'runId': '06AL01', 'object': 'D3', 'date': '2006-05-20', 'filter': 'r', 'state': 'p', 'extension': 13, 'taiObs': '2006-05-20T12:04:45.73', 'expTime': 300.202}
processCcd.calibrate.detection INFO: Detected 1163 positive peaks in 987 footprints and 2 negative peaks in 1 footprints to 5 sigma
processCcd.calibrate.detection INFO: Resubtracting the background after object detection
processCcd.calibrate.deblend INFO: Deblending 987 sources
processCcd.calibrate.detection INFO: Detected 1157 positive peaks in 955 footprints and 0 negative peaks in 0 footprints to 5 sigma
processCcd.calibrate.detection INFO: Detected 1150 positive peaks in 912 footprints and 4 negative peaks in 3 footprints to 5 sigma
processCcd.calibrate.detection INFO: Resubtracting the background after object detection
processCcd.calibrate.detection INFO: Detected 1142 positive peaks in 922 footprints and 23 negative peaks in 22 footprints to 5 sigma
processCcd.calibrate.deblend INFO: Deblending 955 sources
processCcd.calibrate.detection INFO: Resubtracting the background after object detection
processCcd.calibrate.deblend INFO: Deblending 912 sources
processCcd.calibrate.detection INFO: Resubtracting the background after object detection
processCcd.calibrate.deblend INFO: Deblending 922 sources
processCcd.calibrate.deblend INFO: Deblended: of 987 sources, 87 were deblended, creating 263 children, total 1250 sources
processCcd.calibrate.measurement INFO: Measuring 1250 sources (987 parents, 263 children) 
processCcd.calibrate.deblend INFO: Deblended: of 955 sources, 91 were deblended, creating 293 children, total 1248 sources
processCcd.calibrate.deblend INFO: Deblended: of 912 sources, 95 were deblended, creating 333 children, total 1245 sources
processCcd.calibrate.measurement INFO: Measuring 1248 sources (955 parents, 293 children) 
processCcd.calibrate.deblend INFO: Deblended: of 922 sources, 92 were deblended, creating 312 children, total 1234 sources
processCcd.calibrate.measurement INFO: Measuring 1245 sources (912 parents, 333 children) 
processCcd.calibrate.measurement INFO: Measuring 1234 sources (922 parents, 312 children) 
processCcd.calibrate.applyApCorr INFO: Applying aperture corrections to 2 flux fields
processCcd.calibrate INFO: Copying flags from icSourceCat to sourceCat for 122 sources
processCcd.calibrate.astromRefObjLoader INFO: Loading reference objects using center (215.044173, +52.534334) and radius 0.15144401540899402 deg
processCcd.calibrate.astromRefObjLoader INFO: Loaded 1432 reference objects
processCcd.calibrate.astrometry.matcher INFO: filterStars purged 0 reference stars, leaving 1432 stars
processCcd.calibrate.astrometry.matcher INFO: Purged 1130 unusable sources, leaving 120 usable sources
processCcd.calibrate.astrometry.matcher INFO: Matched 113 sources
processCcd.calibrate.astrometry.matcher INFO: filterStars purged 0 reference stars, leaving 1432 stars
processCcd.calibrate.astrometry.matcher INFO: Purged 1130 unusable sources, leaving 120 usable sources
processCcd.calibrate.astrometry.matcher INFO: Matched 100 sources
processCcd.calibrate.astrometry.matcher INFO: filterStars purged 0 reference stars, leaving 1432 stars
processCcd.calibrate.astrometry.matcher INFO: Purged 1130 unusable sources, leaving 120 usable sources
processCcd.calibrate.astrometry.matcher INFO: Matched 96 sources
processCcd.calibrate.applyApCorr INFO: Applying aperture corrections to 2 flux fields
processCcd.calibrate.astrometry INFO: Matched and fit WCS in 3 iterations; found 96 matches with scatter = 0.049 +- 0.028 arcsec
processCcd.calibrate.photoCal.match.sourceSelection INFO: Selected 332/1250 sources
processCcd.calibrate INFO: Copying flags from icSourceCat to sourceCat for 131 sources
processCcd.calibrate.astromRefObjLoader INFO: Loading reference objects using center (214.865447, +52.776374) and radius 0.15158006236764493 deg
processCcd.calibrate.astromRefObjLoader INFO: Loaded 1347 reference objects
processCcd.calibrate.astrometry.matcher INFO: filterStars purged 0 reference stars, leaving 1347 stars
processCcd.calibrate.astrometry.matcher INFO: Purged 1127 unusable sources, leaving 121 usable sources
processCcd.calibrate.astrometry.matcher INFO: Matched 113 sources
processCcd.calibrate.photoCal.match.referenceSelection INFO: Selected 2064/2064 references
processCcd.calibrate.photoCal.match INFO: Matched 152 from 332/1250 input and 2064/2064 reference sources
processCcd.calibrate.photoCal.reserve INFO: Reserved 0/152 sources
processCcd.calibrate.photoCal INFO: Applying color terms for filterName='r', config.photoCatName=ps1_pv3_3pi_20170110 because config.applyColorTerms is True
processCcd.calibrate.photoCal INFO: Magnitude zero point: 32.039813 +/- 0.000399 from 82 stars
processCcd.calibrate INFO: Photometric zero-point: 32.039813
processCcd.calibrate.astrometry.matcher INFO: filterStars purged 0 reference stars, leaving 1347 stars
processCcd.calibrate.astrometry.matcher INFO: Purged 1127 unusable sources, leaving 121 usable sources
processCcd.calibrate.astrometry.matcher INFO: Matched 103 sources
processCcd.calibrate.astrometry.matcher INFO: filterStars purged 0 reference stars, leaving 1347 stars
processCcd.calibrate.astrometry.matcher INFO: Purged 1127 unusable sources, leaving 121 usable sources
processCcd.calibrate.astrometry.matcher INFO: Matched 96 sources
processCcd.calibrate.astrometry INFO: Matched and fit WCS in 3 iterations; found 96 matches with scatter = 0.049 +- 0.025 arcsec
processCcd.calibrate.applyApCorr INFO: Applying aperture corrections to 2 flux fields
processCcd.calibrate.photoCal.match.sourceSelection INFO: Selected 390/1248 sources
processCcd.calibrate INFO: Copying flags from icSourceCat to sourceCat for 124 sources
processCcd.calibrate.astromRefObjLoader INFO: Loading reference objects using center (215.046719, +52.775734) and radius 0.15138768617579051 deg
processCcd.calibrate.photoCal.match.referenceSelection INFO: Selected 2109/2109 references
processCcd.calibrate.photoCal.match INFO: Matched 167 from 390/1248 input and 2109/2109 reference sources
processCcd.calibrate.photoCal.reserve INFO: Reserved 0/167 sources
processCcd.calibrate.photoCal INFO: Applying color terms for filterName='r', config.photoCatName=ps1_pv3_3pi_20170110 because config.applyColorTerms is True
processCcd.calibrate.photoCal INFO: Magnitude zero point: 32.040146 +/- 0.000286 from 84 stars
processCcd.calibrate INFO: Photometric zero-point: 32.040146
processCcd.calibrate.astromRefObjLoader INFO: Loaded 1528 reference objects
processCcd.calibrate.astrometry.matcher INFO: filterStars purged 0 reference stars, leaving 1528 stars
processCcd.calibrate.astrometry.matcher INFO: Purged 1114 unusable sources, leaving 120 usable sources
processCcd.calibrate.astrometry.matcher INFO: Matched 113 sources
processCcd.calibrate.astrometry.matcher INFO: filterStars purged 0 reference stars, leaving 1528 stars
processCcd.calibrate.astrometry.matcher INFO: Purged 1114 unusable sources, leaving 120 usable sources
processCcd.calibrate.astrometry.matcher INFO: Matched 103 sources
processCcd.calibrate.astrometry.matcher INFO: filterStars purged 0 reference stars, leaving 1528 stars
processCcd.calibrate.astrometry.matcher INFO: Purged 1114 unusable sources, leaving 120 usable sources
processCcd.calibrate.astrometry.matcher INFO: Matched 98 sources
processCcd.calibrate.astrometry INFO: Matched and fit WCS in 3 iterations; found 98 matches with scatter = 0.054 +- 0.032 arcsec
processCcd.calibrate.photoCal.match.sourceSelection INFO: Selected 274/1234 sources
processCcd.calibrate.photoCal.match.referenceSelection INFO: Selected 2224/2224 references
processCcd.calibrate.photoCal.match INFO: Matched 107 from 274/1234 input and 2224/2224 reference sources
processCcd.calibrate.photoCal.reserve INFO: Reserved 0/107 sources
processCcd.calibrate.photoCal INFO: Applying color terms for filterName='r', config.photoCatName=ps1_pv3_3pi_20170110 because config.applyColorTerms is True
processCcd.calibrate.photoCal INFO: Magnitude zero point: 32.057835 +/- 0.000283 from 71 stars
processCcd.calibrate INFO: Photometric zero-point: 32.057835
CameraMapper INFO: Loading exposure registry from /project/wmwv/validation_data_cfht/data/registry.sqlite3
processCcd.calibrate.applyApCorr INFO: Applying aperture corrections to 2 flux fields
CameraMapper INFO: Loading exposure registry from /project/wmwv/validation_data_cfht/data/registry.sqlite3
processCcd INFO: Processing {'visit': 849375, 'ccd': 22, 'runId': '06AL01', 'object': 'D3', 'date': '2006-05-20', 'filter': 'r', 'state': 'p', 'extension': 23, 'taiObs': '2006-05-20T12:04:45.73', 'expTime': 300.202}
processCcd.isr INFO: Performing ISR on sensor {'visit': 849375, 'ccd': 22, 'runId': '06AL01', 'object': 'D3', 'date': '2006-05-20', 'filter': 'r', 'state': 'p', 'extension': 23, 'taiObs': '2006-05-20T12:04:45.73', 'expTime': 300.202}
processCcd.calibrate INFO: Copying flags from icSourceCat to sourceCat for 121 sources
processCcd.calibrate.astromRefObjLoader INFO: Loading reference objects using center (214.684360, +52.776436) and radius 0.1512283832623754 deg
processCcd.isr INFO: Saturation set to 62112
processCcd.calibrate.astromRefObjLoader INFO: Loaded 1494 reference objects
processCcd.calibrate.astrometry.matcher INFO: filterStars purged 0 reference stars, leaving 1494 stars
processCcd.calibrate.astrometry.matcher INFO: Purged 1137 unusable sources, leaving 108 usable sources
processCcd INFO: Processing {'visit': 849375, 'ccd': 23, 'runId': '06AL01', 'object': 'D3', 'date': '2006-05-20', 'filter': 'r', 'state': 'p', 'extension': 24, 'taiObs': '2006-05-20T12:04:45.73', 'expTime': 300.202}
processCcd.isr INFO: Performing ISR on sensor {'visit': 849375, 'ccd': 23, 'runId': '06AL01', 'object': 'D3', 'date': '2006-05-20', 'filter': 'r', 'state': 'p', 'extension': 24, 'taiObs': '2006-05-20T12:04:45.73', 'expTime': 300.202}
processCcd.calibrate.astrometry.matcher INFO: Matched 101 sources
processCcd.calibrate.astrometry.matcher INFO: filterStars purged 0 reference stars, leaving 1494 stars
processCcd.calibrate.astrometry.matcher INFO: Purged 1137 unusable sources, leaving 108 usable sources
processCcd.calibrate.astrometry.matcher INFO: Matched 90 sources
processCcd.calibrate.astrometry.matcher INFO: filterStars purged 0 reference stars, leaving 1494 stars
processCcd.calibrate.astrometry.matcher INFO: Purged 1137 unusable sources, leaving 108 usable sources
processCcd.calibrate.astrometry.matcher INFO: Matched 88 sources
processCcd.isr INFO: Saturation set to 58414
processCcd.calibrate.astrometry INFO: Matched and fit WCS in 3 iterations; found 88 matches with scatter = 0.048 +- 0.026 arcsec
processCcd.calibrate.photoCal.match.sourceSelection INFO: Selected 368/1245 sources
processCcd.calibrate.photoCal.match.referenceSelection INFO: Selected 2139/2139 references
processCcd.calibrate.photoCal.match INFO: Matched 153 from 368/1245 input and 2139/2139 reference sources
processCcd.calibrate.photoCal.reserve INFO: Reserved 0/153 sources
processCcd.calibrate.photoCal INFO: Applying color terms for filterName='r', config.photoCatName=ps1_pv3_3pi_20170110 because config.applyColorTerms is True
processCcd.calibrate.photoCal INFO: Magnitude zero point: 32.048002 +/- 0.000325 from 84 stars
processCcd.calibrate INFO: Photometric zero-point: 32.048002
processCcd.isr INFO: Adding a distortion model to the WCS
processCcd.charImage INFO: Processing {'visit': 849375, 'ccd': 22, 'runId': '06AL01', 'object': 'D3', 'date': '2006-05-20', 'filter': 'r', 'state': 'p', 'extension': 23, 'taiObs': '2006-05-20T12:04:45.73', 'expTime': 300.202}
CameraMapper INFO: Loading exposure registry from /project/wmwv/validation_data_cfht/data/registry.sqlite3
processCcd.isr INFO: Adding a distortion model to the WCS
processCcd.charImage INFO: Processing {'visit': 849375, 'ccd': 23, 'runId': '06AL01', 'object': 'D3', 'date': '2006-05-20', 'filter': 'r', 'state': 'p', 'extension': 24, 'taiObs': '2006-05-20T12:04:45.73', 'expTime': 300.202}
processCcd INFO: Processing {'visit': 850587, 'ccd': 12, 'runId': '06AL01', 'object': 'D3', 'date': '2006-06-02', 'filter': 'r', 'state': 'p', 'extension': 13, 'taiObs': '2006-06-02T09:07:28.22', 'expTime': 300.181}
processCcd.isr INFO: Performing ISR on sensor {'visit': 850587, 'ccd': 12, 'runId': '06AL01', 'object': 'D3', 'date': '2006-06-02', 'filter': 'r', 'state': 'p', 'extension': 13, 'taiObs': '2006-06-02T09:07:28.22', 'expTime': 300.181}
processCcd.charImage WARN: Source catalog detected and measured with placeholder or default PSF
processCcd.isr INFO: Saturation set to 68892
processCcd.charImage WARN: Source catalog detected and measured with placeholder or default PSF
processCcd.charImage.repair INFO: Identified 960 cosmic rays.
processCcd.charImage.repair INFO: Identified 949 cosmic rays.
processCcd.isr INFO: Adding a distortion model to the WCS
processCcd.charImage INFO: Processing {'visit': 850587, 'ccd': 12, 'runId': '06AL01', 'object': 'D3', 'date': '2006-06-02', 'filter': 'r', 'state': 'p', 'extension': 13, 'taiObs': '2006-06-02T09:07:28.22', 'expTime': 300.181}
processCcd.charImage WARN: Source catalog detected and measured with placeholder or default PSF
processCcd.charImage.detection INFO: Detected 643 positive peaks in 197 footprints and 0 negative peaks in 0 footprints to 50 sigma
processCcd.charImage.detection INFO: Detected 517 positive peaks in 200 footprints and 0 negative peaks in 0 footprints to 50 sigma
CameraMapper INFO: Loading exposure registry from /project/wmwv/validation_data_cfht/data/registry.sqlite3
processCcd.charImage.repair INFO: Identified 1025 cosmic rays.
processCcd.charImage.detection INFO: Resubtracting the background after object detection
processCcd.charImage.detection INFO: Resubtracting the background after object detection
processCcd INFO: Processing {'visit': 850587, 'ccd': 13, 'runId': '06AL01', 'object': 'D3', 'date': '2006-06-02', 'filter': 'r', 'state': 'p', 'extension': 14, 'taiObs': '2006-06-02T09:07:28.22', 'expTime': 300.181}
processCcd.isr INFO: Performing ISR on sensor {'visit': 850587, 'ccd': 13, 'runId': '06AL01', 'object': 'D3', 'date': '2006-06-02', 'filter': 'r', 'state': 'p', 'extension': 14, 'taiObs': '2006-06-02T09:07:28.22', 'expTime': 300.181}
processCcd.charImage.measurement INFO: Measuring 197 sources (197 parents, 0 children) 
processCcd.isr INFO: Saturation set to 63961
processCcd.charImage.measurement INFO: Measuring 200 sources (200 parents, 0 children) 
processCcd.charImage.measurePsf INFO: Measuring PSF
processCcd.charImage.measurePsf INFO: Measuring PSF
processCcd.charImage.measurePsf.reserve INFO: Reserved 0/53 sources
processCcd.charImage.measurePsf INFO: PSF star selector found 53 candidates
processCcd.charImage.measurePsf.reserve INFO: Reserved 0/51 sources
processCcd.charImage.measurePsf INFO: PSF star selector found 51 candidates
processCcd.charImage.detection INFO: Detected 575 positive peaks in 253 footprints and 0 negative peaks in 0 footprints to 50 sigma
processCcd.charImage.measurePsf INFO: PSF determination using 27/53 stars.
processCcd.charImage.detection INFO: Resubtracting the background after object detection
processCcd.charImage.measurePsf INFO: PSF determination using 28/51 stars.
processCcd.isr INFO: Adding a distortion model to the WCS
processCcd.charImage INFO: Processing {'visit': 850587, 'ccd': 13, 'runId': '06AL01', 'object': 'D3', 'date': '2006-06-02', 'filter': 'r', 'state': 'p', 'extension': 14, 'taiObs': '2006-06-02T09:07:28.22', 'expTime': 300.181}
processCcd.charImage INFO: iter 1; PSF sigma=2.55, dimensions=(33, 33); median background=1230.11
processCcd.charImage WARN: Source catalog detected and measured with placeholder or default PSF
processCcd.charImage INFO: iter 1; PSF sigma=2.46, dimensions=(33, 33); median background=1244.47
processCcd.charImage WARN: Source catalog detected and measured with placeholder or default PSF
processCcd.charImage.measurement INFO: Measuring 253 sources (253 parents, 0 children) 
processCcd.charImage.repair INFO: Identified 947 cosmic rays.
processCcd.charImage WARN: Source catalog detected and measured with placeholder or default PSF
processCcd.charImage.repair INFO: Identified 975 cosmic rays.
processCcd.charImage.measurePsf INFO: Measuring PSF
processCcd.charImage.measurePsf.reserve INFO: Reserved 0/58 sources
processCcd.charImage.measurePsf INFO: PSF star selector found 58 candidates
processCcd.charImage.repair INFO: Identified 1012 cosmic rays.
processCcd.charImage.measurePsf INFO: PSF determination using 35/58 stars.
processCcd.charImage INFO: iter 1; PSF sigma=1.68, dimensions=(27, 27); median background=993.77
processCcd.charImage WARN: Source catalog detected and measured with placeholder or default PSF
processCcd.charImage.detection INFO: Detected 394 positive peaks in 159 footprints and 0 negative peaks in 0 footprints to 50 sigma
processCcd.charImage.repair INFO: Identified 1023 cosmic rays.
processCcd.charImage.detection INFO: Detected 307 positive peaks in 172 footprints and 0 negative peaks in 0 footprints to 50 sigma
processCcd.charImage.detection INFO: Detected 645 positive peaks in 257 footprints and 0 negative peaks in 0 footprints to 50 sigma
processCcd.charImage.detection INFO: Resubtracting the background after object detection
processCcd.charImage.detection INFO: Resubtracting the background after object detection
processCcd.charImage.detection INFO: Resubtracting the background after object detection
processCcd.charImage.measurement INFO: Measuring 159 sources (159 parents, 0 children) 
processCcd.charImage.measurement INFO: Measuring 172 sources (172 parents, 0 children) 
processCcd.charImage.measurement INFO: Measuring 257 sources (257 parents, 0 children) 
processCcd.charImage.measurePsf INFO: Measuring PSF
processCcd.charImage.measurePsf.reserve INFO: Reserved 0/50 sources
processCcd.charImage.measurePsf INFO: PSF star selector found 50 candidates
processCcd.charImage.measurePsf INFO: Measuring PSF
processCcd.charImage.measurePsf INFO: Measuring PSF
processCcd.charImage.detection INFO: Detected 549 positive peaks in 250 footprints and 0 negative peaks in 0 footprints to 50 sigma
processCcd.charImage.measurePsf.reserve INFO: Reserved 0/50 sources
processCcd.charImage.measurePsf INFO: PSF star selector found 50 candidates
processCcd.charImage.measurePsf.reserve INFO: Reserved 0/73 sources
processCcd.charImage.measurePsf INFO: PSF star selector found 73 candidates
processCcd.charImage.detection INFO: Resubtracting the background after object detection
processCcd.charImage.measurePsf INFO: PSF determination using 22/50 stars.
processCcd.charImage.measurePsf INFO: PSF determination using 25/50 stars.
processCcd.charImage.measurePsf INFO: PSF determination using 46/73 stars.
processCcd.charImage.measurement INFO: Measuring 250 sources (250 parents, 0 children) 
processCcd.charImage INFO: iter 2; PSF sigma=2.57, dimensions=(33, 33); median background=1229.86
processCcd.charImage INFO: iter 1; PSF sigma=1.68, dimensions=(27, 27); median background=1004.03
processCcd.charImage WARN: Source catalog detected and measured with placeholder or default PSF
processCcd.charImage INFO: iter 2; PSF sigma=2.44, dimensions=(33, 33); median background=1244.35
processCcd.charImage.measurePsf INFO: Measuring PSF
processCcd.charImage.measurePsf.reserve INFO: Reserved 0/58 sources
processCcd.charImage.measurePsf INFO: PSF star selector found 58 candidates
processCcd.charImage.repair INFO: Identified 948 cosmic rays.
processCcd.charImage.repair INFO: Identified 1016 cosmic rays.
processCcd.charImage.repair INFO: Identified 973 cosmic rays.
processCcd.charImage.measurement INFO: Measuring 159 sources (159 parents, 0 children) 
processCcd.charImage.measurement INFO: Measuring 172 sources (172 parents, 0 children) 
processCcd.charImage.measurePsf INFO: PSF determination using 32/58 stars.
processCcd.charImage.measureApCorr INFO: Measuring aperture corrections for 2 flux fields
processCcd.charImage.measureApCorr INFO: Aperture correction for base_PsfFlux: RMS 0.019001 from 22
processCcd.charImage.measureApCorr INFO: Aperture correction for base_GaussianFlux: RMS 0.014671 from 22
processCcd.charImage.applyApCorr INFO: Applying aperture corrections to 2 flux fields
processCcd.calibrate INFO: Processing {'visit': 849375, 'ccd': 23, 'runId': '06AL01', 'object': 'D3', 'date': '2006-05-20', 'filter': 'r', 'state': 'p', 'extension': 24, 'taiObs': '2006-05-20T12:04:45.73', 'expTime': 300.202}
processCcd.charImage.measureApCorr INFO: Measuring aperture corrections for 2 flux fields
processCcd.charImage.measureApCorr INFO: Aperture correction for base_PsfFlux: RMS 0.017843 from 25
processCcd.charImage.measureApCorr INFO: Aperture correction for base_GaussianFlux: RMS 0.010558 from 25
processCcd.charImage.applyApCorr INFO: Applying aperture corrections to 2 flux fields
processCcd.calibrate INFO: Processing {'visit': 849375, 'ccd': 22, 'runId': '06AL01', 'object': 'D3', 'date': '2006-05-20', 'filter': 'r', 'state': 'p', 'extension': 23, 'taiObs': '2006-05-20T12:04:45.73', 'expTime': 300.202}
processCcd.charImage INFO: iter 2; PSF sigma=1.68, dimensions=(27, 27); median background=993.77
processCcd.charImage.repair INFO: Identified 1025 cosmic rays.
processCcd.charImage.detection INFO: Detected 606 positive peaks in 242 footprints and 0 negative peaks in 0 footprints to 50 sigma
processCcd.charImage.detection INFO: Resubtracting the background after object detection
processCcd.charImage.measurement INFO: Measuring 250 sources (250 parents, 0 children) 
processCcd.charImage.measureApCorr INFO: Measuring aperture corrections for 2 flux fields
processCcd.charImage.measureApCorr INFO: Aperture correction for base_PsfFlux: RMS 0.024219 from 32
processCcd.charImage.measureApCorr INFO: Aperture correction for base_GaussianFlux: RMS 0.027990 from 32
processCcd.charImage.applyApCorr INFO: Applying aperture corrections to 2 flux fields
processCcd.calibrate INFO: Processing {'visit': 850587, 'ccd': 12, 'runId': '06AL01', 'object': 'D3', 'date': '2006-06-02', 'filter': 'r', 'state': 'p', 'extension': 13, 'taiObs': '2006-06-02T09:07:28.22', 'expTime': 300.181}
processCcd.charImage.measurement INFO: Measuring 242 sources (242 parents, 0 children) 
processCcd.calibrate.detection INFO: Detected 1292 positive peaks in 953 footprints and 8 negative peaks in 7 footprints to 5 sigma
processCcd.calibrate.detection INFO: Detected 1203 positive peaks in 961 footprints and 4 negative peaks in 4 footprints to 5 sigma
processCcd.charImage.measurePsf INFO: Measuring PSF
processCcd.calibrate.detection INFO: Resubtracting the background after object detection
processCcd.calibrate.detection INFO: Resubtracting the background after object detection
processCcd.charImage.measurePsf.reserve INFO: Reserved 0/71 sources
processCcd.charImage.measurePsf INFO: PSF star selector found 71 candidates
processCcd.calibrate.deblend INFO: Deblending 953 sources
processCcd.calibrate.deblend INFO: Deblending 961 sources
processCcd.charImage.measurePsf INFO: PSF determination using 44/71 stars.
processCcd.charImage INFO: iter 2; PSF sigma=1.68, dimensions=(27, 27); median background=1004.01
processCcd.calibrate.detection INFO: Detected 1897 positive peaks in 1436 footprints and 18 negative peaks in 17 footprints to 5 sigma
processCcd.charImage.repair INFO: Identified 1015 cosmic rays.
processCcd.calibrate.detection INFO: Resubtracting the background after object detection
processCcd.calibrate.deblend INFO: Deblended: of 961 sources, 110 were deblended, creating 352 children, total 1313 sources
processCcd.calibrate.deblend INFO: Deblending 1436 sources
processCcd.charImage.measurement INFO: Measuring 242 sources (242 parents, 0 children) 
processCcd.calibrate.measurement INFO: Measuring 1313 sources (961 parents, 352 children) 
processCcd.calibrate.deblend INFO: Deblended: of 953 sources, 96 were deblended, creating 435 children, total 1388 sources
processCcd.charImage.measureApCorr INFO: Measuring aperture corrections for 2 flux fields
processCcd.charImage.measureApCorr INFO: Aperture correction for base_PsfFlux: RMS 0.015005 from 40
processCcd.charImage.measureApCorr INFO: Aperture correction for base_GaussianFlux: RMS 0.029570 from 43
processCcd.charImage.applyApCorr INFO: Applying aperture corrections to 2 flux fields
processCcd.calibrate INFO: Processing {'visit': 850587, 'ccd': 13, 'runId': '06AL01', 'object': 'D3', 'date': '2006-06-02', 'filter': 'r', 'state': 'p', 'extension': 14, 'taiObs': '2006-06-02T09:07:28.22', 'expTime': 300.181}
processCcd.calibrate.measurement INFO: Measuring 1388 sources (953 parents, 435 children) 
processCcd.calibrate.detection INFO: Detected 2041 positive peaks in 1479 footprints and 1 negative peaks in 1 footprints to 5 sigma
processCcd.calibrate.deblend INFO: Deblended: of 1436 sources, 136 were deblended, creating 597 children, total 2033 sources
processCcd.calibrate.detection INFO: Resubtracting the background after object detection
processCcd.calibrate.deblend INFO: Deblending 1479 sources
processCcd.calibrate.measurement INFO: Measuring 2033 sources (1436 parents, 597 children) 
processCcd.calibrate.deblend INFO: Deblended: of 1479 sources, 129 were deblended, creating 691 children, total 2170 sources
processCcd.calibrate.measurement INFO: Measuring 2170 sources (1479 parents, 691 children) 
processCcd.calibrate.applyApCorr INFO: Applying aperture corrections to 2 flux fields
processCcd.calibrate INFO: Copying flags from icSourceCat to sourceCat for 139 sources
processCcd.calibrate.astromRefObjLoader INFO: Loading reference objects using center (214.864170, +52.534741) and radius 0.1515769720911674 deg
processCcd.calibrate.astromRefObjLoader INFO: Loaded 1513 reference objects
processCcd.calibrate.astrometry.matcher INFO: filterStars purged 0 reference stars, leaving 1513 stars
processCcd.calibrate.astrometry.matcher INFO: Purged 1158 unusable sources, leaving 155 usable sources
processCcd.calibrate.astrometry.matcher INFO: Matched 145 sources
processCcd.calibrate.astrometry.matcher INFO: filterStars purged 0 reference stars, leaving 1513 stars
processCcd.calibrate.astrometry.matcher INFO: Purged 1158 unusable sources, leaving 155 usable sources
processCcd.calibrate.astrometry.matcher INFO: Matched 127 sources
processCcd.calibrate.astrometry.matcher INFO: filterStars purged 0 reference stars, leaving 1513 stars
processCcd.calibrate.astrometry.matcher INFO: Purged 1158 unusable sources, leaving 155 usable sources
processCcd.calibrate.astrometry.matcher INFO: Matched 120 sources
processCcd.calibrate.astrometry INFO: Matched and fit WCS in 3 iterations; found 120 matches with scatter = 0.045 +- 0.026 arcsec
processCcd.calibrate.photoCal.match.sourceSelection INFO: Selected 355/1313 sources
processCcd.calibrate.applyApCorr INFO: Applying aperture corrections to 2 flux fields
processCcd.calibrate INFO: Copying flags from icSourceCat to sourceCat for 123 sources
processCcd.calibrate.astromRefObjLoader INFO: Loading reference objects using center (214.683613, +52.535186) and radius 0.15117567115711342 deg
processCcd.calibrate.photoCal.match.referenceSelection INFO: Selected 2100/2100 references
processCcd.calibrate.photoCal.match INFO: Matched 130 from 355/1313 input and 2100/2100 reference sources
processCcd.calibrate.photoCal.reserve INFO: Reserved 0/130 sources
processCcd.calibrate.photoCal INFO: Applying color terms for filterName='r', config.photoCatName=ps1_pv3_3pi_20170110 because config.applyColorTerms is True
processCcd.calibrate.photoCal INFO: Magnitude zero point: 32.045080 +/- 0.000382 from 101 stars
processCcd.calibrate INFO: Photometric zero-point: 32.045080
processCcd.calibrate.astromRefObjLoader INFO: Loaded 1438 reference objects
processCcd.calibrate.astrometry.matcher INFO: filterStars purged 0 reference stars, leaving 1438 stars
processCcd.calibrate.astrometry.matcher INFO: Purged 1265 unusable sources, leaving 123 usable sources
processCcd.calibrate.astrometry.matcher INFO: Matched 108 sources
processCcd.calibrate.astrometry.matcher INFO: filterStars purged 0 reference stars, leaving 1438 stars
processCcd.calibrate.astrometry.matcher INFO: Purged 1265 unusable sources, leaving 123 usable sources
processCcd.calibrate.astrometry.matcher INFO: Matched 96 sources
processCcd.calibrate.astrometry.matcher INFO: filterStars purged 0 reference stars, leaving 1438 stars
processCcd.calibrate.astrometry.matcher INFO: Purged 1265 unusable sources, leaving 123 usable sources
processCcd.calibrate.astrometry.matcher INFO: Matched 92 sources
processCcd.calibrate.astrometry INFO: Matched and fit WCS in 3 iterations; found 92 matches with scatter = 0.050 +- 0.031 arcsec
processCcd.calibrate.photoCal.match.sourceSelection INFO: Selected 417/1388 sources
processCcd.calibrate.photoCal.match.referenceSelection INFO: Selected 2022/2022 references
processCcd.calibrate.photoCal.match INFO: Matched 138 from 417/1388 input and 2022/2022 reference sources
processCcd.calibrate.photoCal.reserve INFO: Reserved 0/138 sources
processCcd.calibrate.photoCal INFO: Applying color terms for filterName='r', config.photoCatName=ps1_pv3_3pi_20170110 because config.applyColorTerms is True
processCcd.calibrate.photoCal INFO: Magnitude zero point: 32.034027 +/- 0.000251 from 81 stars
processCcd.calibrate INFO: Photometric zero-point: 32.034027
processCcd.calibrate.applyApCorr INFO: Applying aperture corrections to 2 flux fields
CameraMapper INFO: Loading exposure registry from /project/wmwv/validation_data_cfht/data/registry.sqlite3
processCcd.calibrate INFO: Copying flags from icSourceCat to sourceCat for 173 sources
processCcd.calibrate.astromRefObjLoader INFO: Loading reference objects using center (215.030263, +52.790670) and radius 0.1513033482074993 deg
processCcd INFO: Processing {'visit': 850587, 'ccd': 14, 'runId': '06AL01', 'object': 'D3', 'date': '2006-06-02', 'filter': 'r', 'state': 'p', 'extension': 15, 'taiObs': '2006-06-02T09:07:28.22', 'expTime': 300.181}
processCcd.isr INFO: Performing ISR on sensor {'visit': 850587, 'ccd': 14, 'runId': '06AL01', 'object': 'D3', 'date': '2006-06-02', 'filter': 'r', 'state': 'p', 'extension': 15, 'taiObs': '2006-06-02T09:07:28.22', 'expTime': 300.181}
processCcd.isr INFO: Saturation set to 65194
processCcd.calibrate.astromRefObjLoader INFO: Loaded 1525 reference objects
processCcd.calibrate.astrometry.matcher INFO: filterStars purged 0 reference stars, leaving 1525 stars
processCcd.calibrate.astrometry.matcher INFO: Purged 1892 unusable sources, leaving 141 usable sources
processCcd.calibrate.astrometry.matcher INFO: Matched 126 sources
processCcd.calibrate.astrometry.matcher INFO: filterStars purged 0 reference stars, leaving 1525 stars
processCcd.calibrate.astrometry.matcher INFO: Purged 1892 unusable sources, leaving 141 usable sources
processCcd.calibrate.astrometry.matcher INFO: Matched 114 sources
processCcd.calibrate.astrometry.matcher INFO: filterStars purged 0 reference stars, leaving 1525 stars
processCcd.calibrate.astrometry.matcher INFO: Purged 1892 unusable sources, leaving 141 usable sources
processCcd.calibrate.astrometry.matcher INFO: Matched 104 sources
processCcd.calibrate.astrometry INFO: Matched and fit WCS in 3 iterations; found 104 matches with scatter = 0.049 +- 0.029 arcsec
processCcd.calibrate.photoCal.match.sourceSelection INFO: Selected 472/2033 sources
CameraMapper INFO: Loading exposure registry from /project/wmwv/validation_data_cfht/data/registry.sqlite3
processCcd.isr INFO: Adding a distortion model to the WCS
processCcd.calibrate.photoCal.match.referenceSelection INFO: Selected 2213/2213 references
processCcd.calibrate.photoCal.match INFO: Matched 114 from 472/2033 input and 2213/2213 reference sources
processCcd.calibrate.photoCal.reserve INFO: Reserved 0/114 sources
processCcd.calibrate.photoCal INFO: Applying color terms for filterName='r', config.photoCatName=ps1_pv3_3pi_20170110 because config.applyColorTerms is True
processCcd.charImage INFO: Processing {'visit': 850587, 'ccd': 14, 'runId': '06AL01', 'object': 'D3', 'date': '2006-06-02', 'filter': 'r', 'state': 'p', 'extension': 15, 'taiObs': '2006-06-02T09:07:28.22', 'expTime': 300.181}
processCcd.calibrate.photoCal INFO: Magnitude zero point: 32.094238 +/- 0.000436 from 59 stars
processCcd.calibrate INFO: Photometric zero-point: 32.094238
processCcd INFO: Processing {'visit': 850587, 'ccd': 21, 'runId': '06AL01', 'object': 'D3', 'date': '2006-06-02', 'filter': 'r', 'state': 'p', 'extension': 22, 'taiObs': '2006-06-02T09:07:28.22', 'expTime': 300.181}
processCcd.isr INFO: Performing ISR on sensor {'visit': 850587, 'ccd': 21, 'runId': '06AL01', 'object': 'D3', 'date': '2006-06-02', 'filter': 'r', 'state': 'p', 'extension': 22, 'taiObs': '2006-06-02T09:07:28.22', 'expTime': 300.181}
processCcd.isr INFO: Saturation set to 61301
processCcd.charImage WARN: Source catalog detected and measured with placeholder or default PSF
processCcd.charImage.repair INFO: Identified 976 cosmic rays.
processCcd.isr INFO: Adding a distortion model to the WCS
processCcd.charImage INFO: Processing {'visit': 850587, 'ccd': 21, 'runId': '06AL01', 'object': 'D3', 'date': '2006-06-02', 'filter': 'r', 'state': 'p', 'extension': 22, 'taiObs': '2006-06-02T09:07:28.22', 'expTime': 300.181}
processCcd.charImage WARN: Source catalog detected and measured with placeholder or default PSF
processCcd.charImage.repair INFO: Identified 963 cosmic rays.
processCcd.charImage.detection INFO: Detected 810 positive peaks in 254 footprints and 0 negative peaks in 0 footprints to 50 sigma
processCcd.charImage.detection INFO: Resubtracting the background after object detection
processCcd.calibrate.applyApCorr INFO: Applying aperture corrections to 2 flux fields
processCcd.calibrate INFO: Copying flags from icSourceCat to sourceCat for 170 sources
processCcd.calibrate.astromRefObjLoader INFO: Loading reference objects using center (214.849019, +52.791375) and radius 0.15155591211679031 deg
CameraMapper INFO: Loading exposure registry from /project/wmwv/validation_data_cfht/data/registry.sqlite3
processCcd.charImage.measurement INFO: Measuring 254 sources (254 parents, 0 children) 
processCcd.calibrate.astromRefObjLoader INFO: Loaded 1377 reference objects
processCcd.calibrate.astrometry.matcher INFO: filterStars purged 0 reference stars, leaving 1377 stars
processCcd.calibrate.astrometry.matcher INFO: Purged 2033 unusable sources, leaving 137 usable sources
processCcd.charImage.measurePsf INFO: Measuring PSF
processCcd.calibrate.astrometry.matcher INFO: Matched 123 sources
processCcd.calibrate.astrometry.matcher INFO: filterStars purged 0 reference stars, leaving 1377 stars
processCcd.calibrate.astrometry.matcher INFO: Purged 2033 unusable sources, leaving 137 usable sources
processCcd.calibrate.astrometry.matcher INFO: Matched 112 sources
processCcd INFO: Processing {'visit': 850587, 'ccd': 22, 'runId': '06AL01', 'object': 'D3', 'date': '2006-06-02', 'filter': 'r', 'state': 'p', 'extension': 23, 'taiObs': '2006-06-02T09:07:28.22', 'expTime': 300.181}
processCcd.isr INFO: Performing ISR on sensor {'visit': 850587, 'ccd': 22, 'runId': '06AL01', 'object': 'D3', 'date': '2006-06-02', 'filter': 'r', 'state': 'p', 'extension': 23, 'taiObs': '2006-06-02T09:07:28.22', 'expTime': 300.181}
processCcd.charImage.measurePsf.reserve INFO: Reserved 0/65 sources
processCcd.charImage.measurePsf INFO: PSF star selector found 65 candidates
processCcd.charImage.detection INFO: Detected 569 positive peaks in 227 footprints and 0 negative peaks in 0 footprints to 50 sigma
processCcd.calibrate.astrometry.matcher INFO: filterStars purged 0 reference stars, leaving 1377 stars
processCcd.calibrate.astrometry.matcher INFO: Purged 2033 unusable sources, leaving 137 usable sources
processCcd.calibrate.astrometry.matcher INFO: Matched 107 sources
processCcd.calibrate.astrometry INFO: Matched and fit WCS in 3 iterations; found 107 matches with scatter = 0.052 +- 0.031 arcsec
processCcd.calibrate.photoCal.match.sourceSelection INFO: Selected 523/2170 sources
processCcd.isr INFO: Saturation set to 62112
processCcd.charImage.detection INFO: Resubtracting the background after object detection
processCcd.calibrate.photoCal.match.referenceSelection INFO: Selected 2215/2215 references
processCcd.calibrate.photoCal.match INFO: Matched 131 from 523/2170 input and 2215/2215 reference sources
processCcd.calibrate.photoCal.reserve INFO: Reserved 0/131 sources
processCcd.calibrate.photoCal INFO: Applying color terms for filterName='r', config.photoCatName=ps1_pv3_3pi_20170110 because config.applyColorTerms is True
processCcd.calibrate.photoCal INFO: Magnitude zero point: 32.082502 +/- 0.000418 from 83 stars
processCcd.calibrate INFO: Photometric zero-point: 32.082502
processCcd.charImage.measurePsf INFO: PSF determination using 34/65 stars.
processCcd.charImage INFO: iter 1; PSF sigma=1.67, dimensions=(27, 27); median background=993.54
processCcd.charImage WARN: Source catalog detected and measured with placeholder or default PSF
processCcd.charImage.measurement INFO: Measuring 227 sources (227 parents, 0 children) 
processCcd.charImage.measurePsf INFO: Measuring PSF
processCcd.isr INFO: Adding a distortion model to the WCS
processCcd.charImage INFO: Processing {'visit': 850587, 'ccd': 22, 'runId': '06AL01', 'object': 'D3', 'date': '2006-06-02', 'filter': 'r', 'state': 'p', 'extension': 23, 'taiObs': '2006-06-02T09:07:28.22', 'expTime': 300.181}
processCcd.charImage.measurePsf.reserve INFO: Reserved 0/65 sources
processCcd.charImage.measurePsf INFO: PSF star selector found 65 candidates
processCcd.charImage.repair INFO: Identified 983 cosmic rays.
processCcd.charImage WARN: Source catalog detected and measured with placeholder or default PSF
processCcd.charImage.measurePsf INFO: PSF determination using 42/65 stars.
processCcd.charImage.repair INFO: Identified 993 cosmic rays.
processCcd.charImage INFO: iter 1; PSF sigma=1.67, dimensions=(27, 27); median background=998.96
processCcd.charImage WARN: Source catalog detected and measured with placeholder or default PSF
processCcd.charImage.repair INFO: Identified 965 cosmic rays.
processCcd.charImage.detection INFO: Detected 790 positive peaks in 248 footprints and 0 negative peaks in 0 footprints to 50 sigma
processCcd.charImage.detection INFO: Resubtracting the background after object detection
processCcd.charImage.detection INFO: Detected 699 positive peaks in 298 footprints and 0 negative peaks in 0 footprints to 50 sigma
CameraMapper INFO: Loading exposure registry from /project/wmwv/validation_data_cfht/data/registry.sqlite3
processCcd.charImage.measurement INFO: Measuring 248 sources (248 parents, 0 children) 
processCcd.charImage.measurePsf INFO: Measuring PSF
processCcd.charImage.detection INFO: Resubtracting the background after object detection
processCcd.charImage.detection INFO: Detected 513 positive peaks in 218 footprints and 0 negative peaks in 0 footprints to 50 sigma
processCcd INFO: Processing {'visit': 850587, 'ccd': 23, 'runId': '06AL01', 'object': 'D3', 'date': '2006-06-02', 'filter': 'r', 'state': 'p', 'extension': 24, 'taiObs': '2006-06-02T09:07:28.22', 'expTime': 300.181}
processCcd.isr INFO: Performing ISR on sensor {'visit': 850587, 'ccd': 23, 'runId': '06AL01', 'object': 'D3', 'date': '2006-06-02', 'filter': 'r', 'state': 'p', 'extension': 24, 'taiObs': '2006-06-02T09:07:28.22', 'expTime': 300.181}
processCcd.charImage.measurePsf.reserve INFO: Reserved 0/65 sources
processCcd.charImage.measurePsf INFO: PSF star selector found 65 candidates
processCcd.isr INFO: Saturation set to 58414
processCcd.charImage.detection INFO: Resubtracting the background after object detection
processCcd.charImage.measurement INFO: Measuring 298 sources (298 parents, 0 children) 
processCcd.charImage.measurePsf INFO: PSF determination using 30/65 stars.
processCcd.charImage.measurePsf INFO: Measuring PSF
processCcd.charImage.measurement INFO: Measuring 218 sources (218 parents, 0 children) 
processCcd.charImage.measurePsf.reserve INFO: Reserved 0/60 sources
processCcd.charImage.measurePsf INFO: PSF star selector found 60 candidates
processCcd.charImage INFO: iter 2; PSF sigma=1.67, dimensions=(27, 27); median background=993.50
processCcd.charImage.measurePsf INFO: Measuring PSF
processCcd.charImage.measurePsf.reserve INFO: Reserved 0/65 sources
processCcd.charImage.measurePsf INFO: PSF star selector found 65 candidates
processCcd.isr INFO: Adding a distortion model to the WCS
processCcd.charImage INFO: Processing {'visit': 850587, 'ccd': 23, 'runId': '06AL01', 'object': 'D3', 'date': '2006-06-02', 'filter': 'r', 'state': 'p', 'extension': 24, 'taiObs': '2006-06-02T09:07:28.22', 'expTime': 300.181}
processCcd.charImage.repair INFO: Identified 976 cosmic rays.
processCcd.charImage.measurePsf INFO: PSF determination using 39/60 stars.
processCcd.charImage INFO: iter 1; PSF sigma=1.68, dimensions=(27, 27); median background=1010.36
processCcd.charImage WARN: Source catalog detected and measured with placeholder or default PSF
processCcd.charImage.measurement INFO: Measuring 248 sources (248 parents, 0 children) 
processCcd.charImage WARN: Source catalog detected and measured with placeholder or default PSF
processCcd.charImage.measurePsf INFO: PSF determination using 43/65 stars.
processCcd.charImage.repair INFO: Identified 998 cosmic rays.
processCcd.charImage.measureApCorr INFO: Measuring aperture corrections for 2 flux fields
processCcd.charImage.measureApCorr INFO: Aperture correction for base_PsfFlux: RMS 0.015992 from 30
processCcd.charImage.measureApCorr INFO: Aperture correction for base_GaussianFlux: RMS 0.016333 from 30
processCcd.charImage.applyApCorr INFO: Applying aperture corrections to 2 flux fields
processCcd.charImage.repair INFO: Identified 1009 cosmic rays.
processCcd.calibrate INFO: Processing {'visit': 850587, 'ccd': 14, 'runId': '06AL01', 'object': 'D3', 'date': '2006-06-02', 'filter': 'r', 'state': 'p', 'extension': 15, 'taiObs': '2006-06-02T09:07:28.22', 'expTime': 300.181}
processCcd.charImage INFO: iter 2; PSF sigma=1.67, dimensions=(27, 27); median background=998.94
processCcd.charImage.repair INFO: Identified 963 cosmic rays.
processCcd.charImage.measurement INFO: Measuring 218 sources (218 parents, 0 children) 
processCcd.charImage.measureApCorr INFO: Measuring aperture corrections for 2 flux fields
processCcd.charImage.measureApCorr INFO: Aperture correction for base_PsfFlux: RMS 0.014357 from 39
processCcd.charImage.measureApCorr INFO: Aperture correction for base_GaussianFlux: RMS 0.019317 from 40
processCcd.charImage.applyApCorr INFO: Applying aperture corrections to 2 flux fields
processCcd.calibrate INFO: Processing {'visit': 850587, 'ccd': 21, 'runId': '06AL01', 'object': 'D3', 'date': '2006-06-02', 'filter': 'r', 'state': 'p', 'extension': 22, 'taiObs': '2006-06-02T09:07:28.22', 'expTime': 300.181}
processCcd.charImage.detection INFO: Detected 626 positive peaks in 290 footprints and 0 negative peaks in 0 footprints to 50 sigma
processCcd.charImage.detection INFO: Detected 856 positive peaks in 270 footprints and 0 negative peaks in 0 footprints to 50 sigma
processCcd.calibrate.detection INFO: Detected 2300 positive peaks in 1507 footprints and 13 negative peaks in 11 footprints to 5 sigma
processCcd.charImage.detection INFO: Resubtracting the background after object detection
processCcd.charImage.detection INFO: Resubtracting the background after object detection
processCcd.calibrate.detection INFO: Resubtracting the background after object detection
processCcd.calibrate.deblend INFO: Deblending 1507 sources
processCcd.charImage.measurement INFO: Measuring 290 sources (290 parents, 0 children) 
processCcd.charImage.measurement INFO: Measuring 270 sources (270 parents, 0 children) 
processCcd.charImage.measurePsf INFO: Measuring PSF
processCcd.charImage.measurePsf INFO: Measuring PSF
processCcd.charImage.measurePsf.reserve INFO: Reserved 0/59 sources
processCcd.charImage.measurePsf INFO: PSF star selector found 59 candidates
processCcd.charImage.measurePsf.reserve INFO: Reserved 0/59 sources
processCcd.charImage.measurePsf INFO: PSF star selector found 59 candidates
processCcd.calibrate.detection INFO: Detected 2029 positive peaks in 1574 footprints and 0 negative peaks in 0 footprints to 5 sigma
processCcd.calibrate.detection INFO: Resubtracting the background after object detection
processCcd.calibrate.deblend INFO: Deblending 1574 sources
processCcd.charImage.measurePsf INFO: PSF determination using 39/59 stars.
processCcd.charImage.measurePsf INFO: PSF determination using 34/59 stars.
processCcd.charImage INFO: iter 1; PSF sigma=1.69, dimensions=(27, 27); median background=994.80
processCcd.charImage WARN: Source catalog detected and measured with placeholder or default PSF
processCcd.charImage INFO: iter 2; PSF sigma=1.68, dimensions=(27, 27); median background=1010.33
processCcd.charImage.repair INFO: Identified 1012 cosmic rays.
processCcd.charImage.repair INFO: Identified 993 cosmic rays.
processCcd.charImage.measurement INFO: Measuring 290 sources (290 parents, 0 children) 
processCcd.charImage.measureApCorr INFO: Measuring aperture corrections for 2 flux fields
processCcd.charImage.measureApCorr INFO: Aperture correction for base_PsfFlux: RMS 0.022730 from 37
processCcd.charImage.measureApCorr INFO: Aperture correction for base_GaussianFlux: RMS 0.024307 from 37
processCcd.charImage.applyApCorr INFO: Applying aperture corrections to 2 flux fields
processCcd.calibrate INFO: Processing {'visit': 850587, 'ccd': 22, 'runId': '06AL01', 'object': 'D3', 'date': '2006-06-02', 'filter': 'r', 'state': 'p', 'extension': 23, 'taiObs': '2006-06-02T09:07:28.22', 'expTime': 300.181}
processCcd.calibrate.deblend INFO: Deblended: of 1574 sources, 135 were deblended, creating 590 children, total 2164 sources
processCcd.charImage.detection INFO: Detected 794 positive peaks in 260 footprints and 0 negative peaks in 0 footprints to 50 sigma
processCcd.charImage.detection INFO: Resubtracting the background after object detection
processCcd.calibrate.measurement INFO: Measuring 2164 sources (1574 parents, 590 children) 
processCcd.charImage.measurement INFO: Measuring 260 sources (260 parents, 0 children) 
processCcd.calibrate.detection INFO: Detected 2112 positive peaks in 1504 footprints and 161 negative peaks in 22 footprints to 5 sigma
processCcd.charImage.measurePsf INFO: Measuring PSF
processCcd.calibrate.detection INFO: Resubtracting the background after object detection
processCcd.calibrate.deblend INFO: Deblended: of 1507 sources, 135 were deblended, creating 928 children, total 2435 sources
processCcd.charImage.measurePsf.reserve INFO: Reserved 0/57 sources
processCcd.charImage.measurePsf INFO: PSF star selector found 57 candidates
processCcd.calibrate.deblend INFO: Deblending 1504 sources
processCcd.charImage.measurePsf INFO: PSF determination using 32/57 stars.
processCcd.calibrate.measurement INFO: Measuring 2435 sources (1507 parents, 928 children) 
processCcd.charImage INFO: iter 2; PSF sigma=1.69, dimensions=(27, 27); median background=994.74
processCcd.charImage.repair INFO: Identified 1010 cosmic rays.
processCcd.charImage.measurement INFO: Measuring 260 sources (260 parents, 0 children) 
processCcd.charImage.measureApCorr INFO: Measuring aperture corrections for 2 flux fields
processCcd.charImage.measureApCorr INFO: Aperture correction for base_PsfFlux: RMS 0.022824 from 32
processCcd.charImage.measureApCorr INFO: Aperture correction for base_GaussianFlux: RMS 0.019371 from 31
processCcd.charImage.applyApCorr INFO: Applying aperture corrections to 2 flux fields
processCcd.calibrate INFO: Processing {'visit': 850587, 'ccd': 23, 'runId': '06AL01', 'object': 'D3', 'date': '2006-06-02', 'filter': 'r', 'state': 'p', 'extension': 24, 'taiObs': '2006-06-02T09:07:28.22', 'expTime': 300.181}
processCcd.calibrate.deblend INFO: Deblended: of 1504 sources, 150 were deblended, creating 758 children, total 2262 sources
processCcd.calibrate.detection INFO: Detected 2362 positive peaks in 1599 footprints and 4 negative peaks in 4 footprints to 5 sigma
processCcd.calibrate.measurement INFO: Measuring 2262 sources (1504 parents, 758 children) 
processCcd.calibrate.detection INFO: Resubtracting the background after object detection
processCcd.calibrate.deblend INFO: Deblending 1599 sources
processCcd.calibrate.applyApCorr INFO: Applying aperture corrections to 2 flux fields
processCcd.calibrate INFO: Copying flags from icSourceCat to sourceCat for 143 sources
processCcd.calibrate.astromRefObjLoader INFO: Loading reference objects using center (215.027722, +52.549353) and radius 0.1512979340110543 deg
processCcd.calibrate.astromRefObjLoader INFO: Loaded 1448 reference objects
processCcd.calibrate.astrometry.matcher INFO: filterStars purged 0 reference stars, leaving 1448 stars
processCcd.calibrate.astrometry.matcher INFO: Purged 2028 unusable sources, leaving 136 usable sources
processCcd.calibrate.astrometry.matcher INFO: Matched 128 sources
processCcd.calibrate.astrometry.matcher INFO: filterStars purged 0 reference stars, leaving 1448 stars
processCcd.calibrate.astrometry.matcher INFO: Purged 2028 unusable sources, leaving 136 usable sources
processCcd.calibrate.astrometry.matcher INFO: Matched 110 sources
processCcd.calibrate.astrometry.matcher INFO: filterStars purged 0 reference stars, leaving 1448 stars
processCcd.calibrate.astrometry.matcher INFO: Purged 2028 unusable sources, leaving 136 usable sources
processCcd.calibrate.astrometry.matcher INFO: Matched 104 sources
processCcd.calibrate.astrometry INFO: Matched and fit WCS in 3 iterations; found 104 matches with scatter = 0.048 +- 0.026 arcsec
processCcd.calibrate.photoCal.match.sourceSelection INFO: Selected 525/2164 sources
processCcd.calibrate.deblend INFO: Deblended: of 1599 sources, 150 were deblended, creating 913 children, total 2512 sources
processCcd.calibrate.photoCal.match.referenceSelection INFO: Selected 2161/2161 references
processCcd.calibrate.photoCal.match INFO: Matched 143 from 525/2164 input and 2161/2161 reference sources
processCcd.calibrate.photoCal.reserve INFO: Reserved 0/143 sources
processCcd.calibrate.photoCal INFO: Applying color terms for filterName='r', config.photoCatName=ps1_pv3_3pi_20170110 because config.applyColorTerms is True
processCcd.calibrate.photoCal INFO: Magnitude zero point: 32.082144 +/- 0.000398 from 65 stars
processCcd.calibrate INFO: Photometric zero-point: 32.082144
processCcd.calibrate.measurement INFO: Measuring 2512 sources (1599 parents, 913 children) 
processCcd.calibrate.applyApCorr INFO: Applying aperture corrections to 2 flux fields
processCcd.calibrate INFO: Copying flags from icSourceCat to sourceCat for 159 sources
processCcd.calibrate.astromRefObjLoader INFO: Loading reference objects using center (214.667772, +52.791414) and radius 0.15126859983315888 deg
processCcd.calibrate.astromRefObjLoader INFO: Loaded 1501 reference objects
processCcd.calibrate.astrometry.matcher INFO: filterStars purged 0 reference stars, leaving 1501 stars
processCcd.calibrate.astrometry.matcher INFO: Purged 2299 unusable sources, leaving 136 usable sources
processCcd.calibrate.astrometry.matcher INFO: Matched 119 sources
processCcd.calibrate.astrometry.matcher INFO: filterStars purged 0 reference stars, leaving 1501 stars
processCcd.calibrate.astrometry.matcher INFO: Purged 2299 unusable sources, leaving 136 usable sources
processCcd.calibrate.astrometry.matcher INFO: Matched 102 sources
processCcd.calibrate.astrometry.matcher INFO: filterStars purged 0 reference stars, leaving 1501 stars
processCcd.calibrate.astrometry.matcher INFO: Purged 2299 unusable sources, leaving 136 usable sources
processCcd.calibrate.astrometry.matcher INFO: Matched 95 sources
processCcd.calibrate.astrometry INFO: Matched and fit WCS in 3 iterations; found 95 matches with scatter = 0.040 +- 0.024 arcsec
processCcd.calibrate.photoCal.match.sourceSelection INFO: Selected 606/2435 sources
processCcd.calibrate.photoCal.match.referenceSelection INFO: Selected 2551/2551 references
processCcd.calibrate.photoCal.match INFO: Matched 135 from 606/2435 input and 2551/2551 reference sources
processCcd.calibrate.photoCal.reserve INFO: Reserved 0/135 sources
processCcd.calibrate.photoCal INFO: Applying color terms for filterName='r', config.photoCatName=ps1_pv3_3pi_20170110 because config.applyColorTerms is True
processCcd.calibrate.photoCal INFO: Magnitude zero point: 32.079535 +/- 0.000420 from 82 stars
processCcd.calibrate INFO: Photometric zero-point: 32.079535
processCcd.calibrate.applyApCorr INFO: Applying aperture corrections to 2 flux fields
processCcd.calibrate INFO: Copying flags from icSourceCat to sourceCat for 204 sources
processCcd.calibrate.astromRefObjLoader INFO: Loading reference objects using center (214.847760, +52.549738) and radius 0.15151569410093474 deg
processCcd.calibrate.astromRefObjLoader INFO: Loaded 1421 reference objects
processCcd.calibrate.astrometry.matcher INFO: filterStars purged 0 reference stars, leaving 1421 stars
processCcd.calibrate.astrometry.matcher INFO: Purged 2081 unusable sources, leaving 181 usable sources
processCcd.calibrate.astrometry.matcher INFO: Matched 167 sources
processCcd.calibrate.astrometry.matcher INFO: filterStars purged 0 reference stars, leaving 1421 stars
processCcd.calibrate.astrometry.matcher INFO: Purged 2081 unusable sources, leaving 181 usable sources
processCcd.calibrate.astrometry.matcher INFO: Matched 143 sources
processCcd.calibrate.astrometry.matcher INFO: filterStars purged 0 reference stars, leaving 1421 stars
processCcd.calibrate.astrometry.matcher INFO: Purged 2081 unusable sources, leaving 181 usable sources
processCcd.calibrate.astrometry.matcher INFO: Matched 135 sources
processCcd.calibrate.astrometry INFO: Matched and fit WCS in 3 iterations; found 135 matches with scatter = 0.051 +- 0.028 arcsec
processCcd.calibrate.photoCal.match.sourceSelection INFO: Selected 524/2262 sources
processCcd.calibrate.photoCal.match.referenceSelection INFO: Selected 2543/2543 references
processCcd.calibrate.photoCal.match INFO: Matched 125 from 524/2262 input and 2543/2543 reference sources
processCcd.calibrate.photoCal.reserve INFO: Reserved 0/125 sources
processCcd.calibrate.photoCal INFO: Applying color terms for filterName='r', config.photoCatName=ps1_pv3_3pi_20170110 because config.applyColorTerms is True
processCcd.calibrate.photoCal INFO: Magnitude zero point: 32.077553 +/- 0.000438 from 68 stars
processCcd.calibrate INFO: Photometric zero-point: 32.077553
processCcd.calibrate.applyApCorr INFO: Applying aperture corrections to 2 flux fields
processCcd.calibrate INFO: Copying flags from icSourceCat to sourceCat for 169 sources
processCcd.calibrate.astromRefObjLoader INFO: Loading reference objects using center (214.667254, +52.550251) and radius 0.15121197214064358 deg
processCcd.calibrate.astromRefObjLoader INFO: Loaded 1460 reference objects
processCcd.calibrate.astrometry.matcher INFO: filterStars purged 0 reference stars, leaving 1460 stars
processCcd.calibrate.astrometry.matcher INFO: Purged 2370 unusable sources, leaving 142 usable sources
processCcd.calibrate.astrometry.matcher INFO: Matched 126 sources
processCcd.calibrate.astrometry.matcher INFO: filterStars purged 0 reference stars, leaving 1460 stars
processCcd.calibrate.astrometry.matcher INFO: Purged 2370 unusable sources, leaving 142 usable sources
processCcd.calibrate.astrometry.matcher INFO: Matched 113 sources
processCcd.calibrate.astrometry.matcher INFO: filterStars purged 0 reference stars, leaving 1460 stars
processCcd.calibrate.astrometry.matcher INFO: Purged 2370 unusable sources, leaving 142 usable sources
processCcd.calibrate.astrometry.matcher INFO: Matched 107 sources
processCcd.calibrate.astrometry INFO: Matched and fit WCS in 3 iterations; found 107 matches with scatter = 0.049 +- 0.028 arcsec
processCcd.calibrate.photoCal.match.sourceSelection INFO: Selected 608/2512 sources
processCcd.calibrate.photoCal.match.referenceSelection INFO: Selected 2180/2180 references
processCcd.calibrate.photoCal.match INFO: Matched 132 from 608/2512 input and 2180/2180 reference sources
processCcd.calibrate.photoCal.reserve INFO: Reserved 0/132 sources
processCcd.calibrate.photoCal INFO: Applying color terms for filterName='r', config.photoCatName=ps1_pv3_3pi_20170110 because config.applyColorTerms is True
processCcd.calibrate.photoCal INFO: Magnitude zero point: 32.076387 +/- 0.000377 from 94 stars
processCcd.calibrate INFO: Photometric zero-point: 32.076387
